"zone-temperatures-rfile"
"Time Step" "zone-temperatures etc.."
("Time Step" "zone-temperatures(interior-fluid_core-contact_region-src)" "zone-temperatures(interior-fluid_core_duct)" "zone-temperatures(interior-fluid_insulation-contact_region-trg)" "zone-temperatures(interior-fluid_insulation_duct)" "flow-time")
0 293.15 293.15 293.15 293.15 0
1 295.5795 306.4636 291.851 328.0922 60
2 297.8803 311.5295 290.9028 328.1498 120
3 300.1294 315.1488 290.1812 328.1499 180
4 302.3506 318.166 289.6169 328.1501 240
5 304.5568 320.8661 289.1689 328.1509 300
6 306.7548 323.3942 288.8116 328.1534 360
7 308.9485 325.8471 288.5279 328.1611 420
8 311.141 328.3019 288.3064 328.1798 480
9 313.3343 330.8232 288.1385 328.2204 540
10 315.5281 333.4599 288.018 328.2995 600
11 317.7192 336.2368 287.9399 328.4387 660
12 319.9012 339.1476 287.9003 328.6634 720
13 322.0656 342.1508 287.8958 328.9988 780
14 324.2021 345.1736 287.9237 329.4663 840
15 326.3002 348.123 287.9814 330.0786 900
16 328.3499 350.9007 288.0669 330.8381 960
17 330.3424 353.4203 288.1782 331.7357 1020
18 332.2708 355.6192 288.3138 332.7527 1080
19 334.1302 357.4654 288.472 333.8636 1140
20 335.9173 358.9577 288.6514 335.0399 1200
21 337.6309 360.1202 288.8509 336.2533 1260
22 339.2709 360.9941 289.0693 337.4783 1320
23 340.8384 361.6292 289.3055 338.6941 1380
24 342.3352 362.0765 289.5586 339.8854 1440
25 343.7633 362.3826 289.8277 341.0423 1500
26 345.1253 362.5871 290.112 342.1596 1560
27 346.4233 362.7216 290.4109 343.2354 1620
28 347.6597 362.8095 290.7238 344.2703 1680
29 348.8364 362.8673 291.0501 345.2658 1740
30 349.9554 362.9062 291.3894 346.2242 1800
31 351.0182 362.9333 291.7414 347.1479 1860
32 352.0262 362.9533 292.1058 348.0397 1920
33 352.9807 362.9692 292.4823 348.9019 1980
34 353.8825 362.9826 292.8707 349.7368 2040
35 354.7328 362.9945 293.2708 350.5463 2100
36 355.5322 363.0054 293.6824 351.3318 2160
37 356.2815 363.0156 294.1053 352.0945 2220
38 356.9816 363.0252 294.5392 352.8353 2280
39 357.6332 363.0345 294.9836 353.5548 2340
40 358.2373 363.0433 295.4378 354.253 2400
41 358.7949 363.0518 295.9012 354.93 2460
42 359.307 363.0599 296.3727 355.5851 2520
43 359.775 363.0677 296.8512 356.2178 2580
44 360.2004 363.0751 297.3354 356.827 2640
45 360.5848 363.0822 297.8236 357.4115 2700
46 360.9301 363.0889 298.3142 357.9697 2760
47 361.2383 363.0952 298.8051 358.4999 2820
48 361.5115 363.1013 299.2946 359.0009 2880
49 361.752 363.1069 299.7804 359.4709 2940
50 361.9622 363.1121 300.2606 359.9087 3000
51 362.1447 363.1169 300.7333 360.3134 3060
52 362.3018 363.1212 301.1967 360.6842 3120
53 362.4361 363.1252 301.649 361.0212 3180
54 362.55 363.1288 302.0889 361.3246 3240
55 362.6459 363.1319 302.515 361.5951 3300
56 362.7259 363.1347 302.9263 361.8343 3360
57 362.7921 363.1371 303.322 362.0435 3420
58 362.8465 363.1393 303.7016 362.2253 3480
59 362.8908 363.1411 304.0647 362.3815 3540
60 362.9267 363.1426 304.4112 362.5142 3600
61 362.9554 363.1439 304.7411 362.6257 3660
62 362.9784 363.145 305.0547 362.7185 3720
63 362.9965 363.1458 305.3522 362.7949 3780
64 363.0107 363.1465 305.6342 362.857 3840
65 363.0219 363.1471 305.901 362.907 3900
66 363.0306 363.1476 306.1534 362.947 3960
67 363.0374 363.1479 306.392 362.9788 4020
68 363.0426 363.1482 306.6173 363.0035 4080
69 363.0467 363.1484 306.8301 363.0228 4140
70 363.0499 363.1486 307.031 363.0378 4200
71 363.0525 363.1487 307.2207 363.0493 4260
72 363.0545 363.1488 307.3996 363.0583 4320
73 363.0561 363.1489 307.5685 363.0651 4380
74 363.0575 363.149 307.7279 363.0705 4440
75 363.0586 363.149 307.8783 363.0746 4500
76 363.0595 363.1491 308.0203 363.0778 4560
77 363.0603 363.1491 308.1542 363.0803 4620
78 363.061 363.1491 308.2806 363.0823 4680
79 363.0616 363.1491 308.3999 363.0839 4740
80 363.0622 363.1492 308.5125 363.0852 4800
81 363.0627 363.1492 308.6187 363.0864 4860
82 363.0631 363.1492 308.719 363.0873 4920
83 363.0635 363.1492 308.8137 363.0881 4980
84 363.0639 363.1492 308.903 363.0889 5040
85 363.0643 363.1492 308.9873 363.0894 5100
86 363.0646 363.1492 309.0668 363.0901 5160
87 363.0649 363.1492 309.1419 363.0906 5220
88 363.0652 363.1492 309.2128 363.091 5280
89 363.0655 363.1492 309.2797 363.0915 5340
90 363.0657 363.1492 309.3428 363.0919 5400
91 363.0659 363.1492 309.4024 363.0924 5460
92 363.0662 363.1492 309.4586 363.0927 5520
93 363.0664 363.1492 309.5117 363.0931 5580
94 363.0666 363.1492 309.5618 363.0933 5640
95 363.0668 363.1493 309.6091 363.0937 5700
96 363.067 363.1493 309.6537 363.094 5760
97 363.0671 363.1493 309.6959 363.0942 5820
98 363.0673 363.1493 309.7356 363.0944 5880
99 363.0674 363.1493 309.7731 363.0947 5940
100 363.0676 363.1493 309.8086 363.0949 6000
101 363.0677 363.1493 309.842 363.095 6060
102 363.0678 363.1493 309.8735 363.0953 6120
103 363.0679 363.1493 309.9033 363.0954 6180
104 363.0681 363.1493 309.9314 363.0957 6240
105 363.0682 363.1493 309.9579 363.0958 6300
106 363.0683 363.1493 309.9829 363.096 6360
107 363.0684 363.1493 310.0066 363.0961 6420
108 363.0685 363.1493 310.0289 363.0963 6480
109 363.0685 363.1493 310.0499 363.0964 6540
110 363.0686 363.1494 310.0698 363.0966 6600
111 363.0687 363.1494 310.0885 363.0966 6660
112 363.0688 363.1494 310.1062 363.0968 6720
113 363.0688 363.1494 310.1229 363.0968 6780
114 363.0689 363.1494 310.1387 363.0969 6840
115 363.0689 363.1494 310.1535 363.097 6900
116 363.069 363.1493 310.1676 363.0971 6960
117 363.069 363.1493 310.1808 363.0972 7020
118 363.0691 363.1493 310.1933 363.0973 7080
119 363.0691 363.1494 310.2051 363.0973 7140
120 363.0692 363.1493 310.2163 363.0974 7200
121 363.0692 363.1493 310.2268 363.0974 7260
122 363.0692 363.1493 310.2367 363.0975 7320
123 363.0693 363.1493 310.2461 363.0975 7380
124 363.0693 363.1493 310.2549 363.0976 7440
125 363.0694 363.1493 310.2633 363.0977 7500
126 363.0694 363.1493 310.2711 363.0977 7560
127 363.0694 363.1493 310.2786 363.0977 7620
128 363.0695 363.1493 310.2856 363.0978 7680
129 363.0695 363.1493 310.2922 363.0978 7740
130 363.0695 363.1494 310.2985 363.0979 7800
131 363.0695 363.1494 310.3044 363.098 7860
132 363.0695 363.1494 310.3099 363.098 7920
133 363.0695 363.1494 310.3152 363.0979 7980
134 363.0696 363.1493 310.3201 363.098 8040
135 363.0696 363.1494 310.3248 363.0981 8100
136 363.0696 363.1494 310.3292 363.0981 8160
137 363.0696 363.1494 310.3334 363.0981 8220
138 363.0696 363.1494 310.3373 363.0981 8280
139 363.0697 363.1494 310.341 363.0982 8340
140 363.0697 363.1494 310.3445 363.0981 8400
141 363.0697 363.1494 310.3478 363.0982 8460
142 363.0697 363.1494 310.351 363.0982 8520
143 363.0697 363.1494 310.3539 363.0983 8580
144 363.0697 363.1494 310.3567 363.0983 8640
145 363.0697 363.1494 310.3593 363.0982 8700
146 363.0697 363.1494 310.3618 363.0983 8760
147 363.0697 363.1494 310.3641 363.0982 8820
148 363.0698 363.1494 310.3663 363.0983 8880
149 363.0698 363.1494 310.3684 363.0983 8940
150 363.0698 363.1494 310.3704 363.0983 9000
151 363.0698 363.1494 310.3723 363.0983 9060
152 363.0698 363.1494 310.374 363.0983 9120
153 363.0698 363.1494 310.3756 363.0984 9180
154 363.0698 363.1494 310.3772 363.0984 9240
155 363.0698 363.1494 310.3787 363.0984 9300
156 363.0698 363.1494 310.3801 363.0983 9360
157 363.0698 363.1494 310.3814 363.0984 9420
158 363.0698 363.1494 310.3826 363.0983 9480
159 363.0698 363.1494 310.3838 363.0984 9540
160 363.0699 363.1494 310.3849 363.0984 9600
161 363.0699 363.1494 310.3859 363.0984 9660
162 363.0699 363.1494 310.3869 363.0984 9720
163 363.0699 363.1494 310.3878 363.0984 9780
164 363.0699 363.1494 310.3887 363.0984 9840
165 363.0699 363.1494 310.3895 363.0985 9900
166 363.0699 363.1494 310.3903 363.0985 9960
167 363.0699 363.1494 310.3911 363.0984 10020
168 363.0699 363.1494 310.3918 363.0985 10080
169 363.0699 363.1494 310.3924 363.0985 10140
170 363.0699 363.1494 310.393 363.0984 10200
171 363.0699 363.1494 310.3936 363.0985 10260
172 363.0699 363.1494 310.3942 363.0984 10320
173 363.0699 363.1494 310.3947 363.0985 10380
174 363.0699 363.1493 310.3952 363.0984 10440
175 363.0699 363.1494 310.3956 363.0985 10500
176 363.0699 363.1494 310.3961 363.0984 10560
177 363.0699 363.1494 310.3965 363.0985 10620
178 363.0699 363.1494 310.3969 363.0985 10680
179 363.0699 363.1494 310.3972 363.0985 10740
180 363.0699 363.1494 310.3976 363.0985 10800
181 363.0665 363.0386 310.3967 339.0809 10860
182 363.0632 363.0183 310.3952 332.3119 10920
183 363.0599 363.0078 310.3931 330.6099 10980
184 363.0566 363.003 310.3904 330.1049 11040
185 363.0534 363.0006 310.3874 329.8763 11100
186 363.0501 362.999 310.384 329.723 11160
187 363.0468 362.9976 310.3802 329.6255 11220
188 363.0435 362.9962 310.3762 329.5399 11280
189 363.0402 362.9947 310.3718 329.4819 11340
190 363.0369 362.9933 310.3672 329.4331 11400
191 363.0336 362.9919 310.3624 329.3919 11460
192 363.0303 362.9906 310.3573 329.3572 11520
193 363.027 362.9894 310.3521 329.3279 11580
194 363.0237 362.9881 310.3467 329.303 11640
195 363.0204 362.987 310.3411 329.2819 11700
196 363.0171 362.9858 310.3354 329.2639 11760
197 363.0137 362.9847 310.3295 329.2484 11820
198 363.0104 362.9836 310.3235 329.235 11880
199 363.0071 362.9826 310.3174 329.2235 11940
200 363.0038 362.9815 310.3112 329.2134 12000
201 363.0004 362.9805 310.305 329.2045 12060
202 362.9971 362.9795 310.2986 329.1966 12120
203 362.9937 362.9785 310.2922 329.1896 12180
204 362.9904 362.9775 310.2857 329.1832 12240
205 362.9871 362.9765 310.2792 329.1774 12300
206 362.9837 362.9755 310.2726 329.1721 12360
207 362.9803 362.9745 310.2659 329.1672 12420
208 362.977 362.9735 310.2592 329.1625 12480
209 362.9736 362.9725 310.2526 329.1582 12540
210 362.9703 362.9715 310.2458 329.154 12600
211 362.9669 362.9705 310.2391 329.1501 12660
212 362.9636 362.9695 310.2323 329.1462 12720
213 362.9602 362.9685 310.2255 329.1425 12780
214 362.9568 362.9675 310.2187 329.1389 12840
215 362.9535 362.9664 310.2119 329.1353 12900
216 362.9501 362.9654 310.2051 329.1319 12960
217 362.9467 362.9643 310.1983 329.1284 13020
218 362.9434 362.9633 310.1915 329.1251 13080
219 362.94 362.9622 310.1847 329.1218 13140
220 362.9366 362.9612 310.1779 329.1185 13200
221 362.9332 362.9601 310.1711 329.1153 13260
222 362.9299 362.959 310.1644 329.1121 13320
223 362.9265 362.9579 310.1576 329.109 13380
224 362.9231 362.9568 310.1509 329.1059 13440
225 362.9197 362.9557 310.1441 329.1028 13500
226 362.9163 362.9545 310.1375 329.0998 13560
227 362.9129 362.9534 310.1307 329.0968 13620
228 362.9095 362.9523 310.1241 329.0938 13680
229 362.9062 362.9511 310.1174 329.0909 13740
230 362.9028 362.95 310.1108 329.088 13800
231 362.8994 362.9488 310.1042 329.0852 13860
232 362.896 362.9477 310.0976 329.0824 13920
233 362.8926 362.9465 310.0911 329.0797 13980
234 362.8892 362.9453 310.0845 329.077 14040
235 362.8858 362.9441 310.078 329.0744 14100
236 362.8824 362.9429 310.0716 329.0718 14160
237 362.879 362.9417 310.0651 329.0693 14220
238 362.8756 362.9405 310.0587 329.0669 14280
239 362.8722 362.9393 310.0523 329.0645 14340
240 362.8688 362.9381 310.0459 329.0622 14400
241 362.8654 362.9369 310.0396 329.0599 14460
242 362.862 362.9356 310.0332 329.0577 14520
243 362.8586 362.9344 310.0269 329.0556 14580
244 362.8552 362.9331 310.0207 329.0535 14640
245 362.8518 362.9319 310.0144 329.0515 14700
246 362.8484 362.9306 310.0082 329.0496 14760
247 362.845 362.9294 310.002 329.0477 14820
248 362.8416 362.9281 309.9959 329.0459 14880
249 362.8382 362.9268 309.9898 329.0442 14940
250 362.8348 362.9256 309.9837 329.0425 15000
251 362.8314 362.9243 309.9776 329.041 15060
252 362.8279 362.923 309.9716 329.0394 15120
253 362.8246 362.9217 309.9655 329.038 15180
254 362.8211 362.9204 309.9595 329.0367 15240
255 362.8177 362.9191 309.9536 329.0354 15300
256 362.8143 362.9178 309.9476 329.0341 15360
257 362.8109 362.9165 309.9417 329.033 15420
258 362.8075 362.9152 309.9359 329.032 15480
259 362.8041 362.9139 309.93 329.031 15540
260 362.8007 362.9126 309.9242 329.0301 15600
261 362.7972 362.9113 309.9183 329.0292 15660
262 362.7939 362.9099 309.9126 329.0285 15720
263 362.7904 362.9086 309.9068 329.0278 15780
264 362.787 362.9073 309.9011 329.0272 15840
265 362.7836 362.9059 309.8954 329.0267 15900
266 362.7802 362.9046 309.8897 329.0262 15960
267 362.7768 362.9033 309.884 329.0259 16020
268 362.7733 362.9019 309.8784 329.0256 16080
269 362.7699 362.9006 309.8728 329.0254 16140
270 362.7665 362.8992 309.8672 329.0252 16200
271 362.7631 362.8979 309.8616 329.0251 16260
272 362.7597 362.8965 309.8561 329.0251 16320
273 362.7563 362.8952 309.8506 329.0252 16380
274 362.7529 362.8938 309.8451 329.0254 16440
275 362.7495 362.8924 309.8396 329.0256 16500
276 362.746 362.8911 309.8342 329.0259 16560
277 362.7426 362.8897 309.8287 329.0263 16620
278 362.7392 362.8883 309.8233 329.0268 16680
279 362.7358 362.887 309.818 329.0273 16740
280 362.7324 362.8856 309.8126 329.0279 16800
281 362.7289 362.8842 309.8073 329.0286 16860
282 362.7255 362.8828 309.8019 329.0293 16920
283 362.7221 362.8814 309.7966 329.0301 16980
284 362.7187 362.88 309.7914 329.031 17040
285 362.7153 362.8787 309.7861 329.032 17100
286 362.7119 362.8773 309.7809 329.033 17160
287 362.7084 362.8759 309.7757 329.0341 17220
288 362.705 362.8745 309.7704 329.0353 17280
289 362.7016 362.8731 309.7653 329.0365 17340
290 362.6982 362.8717 309.7601 329.0378 17400
291 362.6947 362.8703 309.755 329.0392 17460
292 362.6913 362.8689 309.7499 329.0406 17520
293 362.6879 362.8675 309.7448 329.0421 17580
294 362.6845 362.8661 309.7397 329.0437 17640
295 362.6811 362.8647 309.7346 329.0453 17700
296 362.6776 362.8633 309.7296 329.0471 17760
297 362.6742 362.8618 309.7245 329.0488 17820
298 362.6708 362.8604 309.7195 329.0507 17880
299 362.6674 362.859 309.7145 329.0526 17940
300 362.664 362.8576 309.7096 329.0546 18000
301 362.6606 362.8562 309.7046 329.0566 18060
302 362.6571 362.8548 309.6996 329.0587 18120
303 362.6537 362.8534 309.6947 329.0609 18180
304 362.6503 362.8519 309.6898 329.0631 18240
305 362.6469 362.8505 309.6849 329.0654 18300
306 362.6435 362.8491 309.6801 329.0677 18360
307 362.64 362.8477 309.6752 329.0701 18420
308 362.6366 362.8463 309.6703 329.0726 18480
309 362.6332 362.8448 309.6655 329.0751 18540
310 362.6298 362.8434 309.6607 329.0777 18600
311 362.6264 362.8419 309.6559 329.0804 18660
312 362.623 362.8405 309.6511 329.0831 18720
313 362.6195 362.8391 309.6464 329.0858 18780
314 362.6161 362.8377 309.6416 329.0887 18840
315 362.6127 362.8362 309.6369 329.0915 18900
316 362.6093 362.8348 309.6321 329.0945 18960
317 362.6059 362.8334 309.6274 329.0974 19020
318 362.6024 362.8319 309.6227 329.1005 19080
319 362.599 362.8305 309.6181 329.1036 19140
320 362.5956 362.8291 309.6134 329.1068 19200
321 362.5922 362.8276 309.6088 329.11 19260
322 362.5888 362.8262 309.6041 329.1132 19320
323 362.5854 362.8247 309.5995 329.1165 19380
324 362.5819 362.8233 309.5949 329.1199 19440
325 362.5785 362.8219 309.5903 329.1234 19500
326 362.5751 362.8204 309.5857 329.1268 19560
327 362.5717 362.819 309.5811 329.1303 19620
328 362.5683 362.8175 309.5766 329.1339 19680
329 362.5649 362.8161 309.5721 329.1375 19740
330 362.5615 362.8146 309.5675 329.1412 19800
331 362.558 362.8132 309.563 329.1449 19860
332 362.5546 362.8118 309.5585 329.1487 19920
333 362.5512 362.8103 309.554 329.1525 19980
334 362.5478 362.8089 309.5495 329.1564 20040
335 362.5444 362.8074 309.545 329.1603 20100
336 362.541 362.806 309.5406 329.1643 20160
337 362.5376 362.8045 309.5361 329.1683 20220
338 362.5341 362.8031 309.5317 329.1724 20280
339 362.5307 362.8016 309.5273 329.1765 20340
340 362.5273 362.8002 309.5229 329.1806 20400
341 362.5239 362.7987 309.5185 329.1848 20460
342 362.5205 362.7972 309.5141 329.1891 20520
343 362.5171 362.7958 309.5097 329.1934 20580
344 362.5137 362.7943 309.5054 329.1977 20640
345 362.5103 362.7929 309.501 329.2021 20700
346 362.5068 362.7914 309.4967 329.2065 20760
347 362.5034 362.79 309.4923 329.211 20820
348 362.5 362.7885 309.488 329.2155 20880
349 362.4966 362.7871 309.4837 329.22 20940
350 362.4932 362.7856 309.4794 329.2246 21000
351 362.4898 362.7842 309.4751 329.2292 21060
352 362.4864 362.7827 309.4709 329.2339 21120
353 362.4829 362.7812 309.4666 329.2386 21180
354 362.4796 362.7798 309.4623 329.2433 21240
355 362.4761 362.7784 309.4581 329.2481 21300
356 362.4727 362.7769 309.4539 329.253 21360
357 362.4693 362.7754 309.4496 329.2578 21420
358 362.4659 362.774 309.4454 329.2628 21480
359 362.4625 362.7725 309.4412 329.2677 21540
360 362.4591 362.7711 309.437 329.2727 21600
361 362.4557 362.7696 309.4328 329.2777 21660
362 362.4523 362.7681 309.4287 329.2827 21720
363 362.4489 362.7667 309.4245 329.2878 21780
364 362.4455 362.7652 309.4203 329.293 21840
365 362.442 362.7638 309.4162 329.2981 21900
366 362.4386 362.7623 309.4121 329.3033 21960
367 362.4352 362.7608 309.4079 329.3085 22020
368 362.4318 362.7594 309.4038 329.3138 22080
369 362.4284 362.7579 309.3997 329.3191 22140
370 362.425 362.7564 309.3956 329.3244 22200
371 362.4216 362.755 309.3915 329.3298 22260
372 362.4182 362.7535 309.3875 329.3352 22320
373 362.4148 362.7521 309.3834 329.3406 22380
374 362.4114 362.7506 309.3793 329.3461 22440
375 362.408 362.7491 309.3752 329.3516 22500
376 362.4046 362.7477 309.3712 329.3571 22560
377 362.4012 362.7462 309.3672 329.3627 22620
378 362.3978 362.7448 309.3631 329.3683 22680
379 362.3944 362.7433 309.3591 329.3739 22740
380 362.391 362.7418 309.3551 329.3796 22800
381 362.3876 362.7404 309.3511 329.3853 22860
382 362.3842 362.7389 309.3471 329.391 22920
383 362.3808 362.7374 309.3431 329.3967 22980
384 362.3773 362.736 309.3391 329.4025 23040
385 362.374 362.7345 309.3352 329.4083 23100
386 362.3706 362.733 309.3312 329.4141 23160
387 362.3672 362.7315 309.3273 329.4199 23220
388 362.3638 362.7301 309.3233 329.4258 23280
389 362.3604 362.7286 309.3194 329.4317 23340
390 362.357 362.7271 309.3155 329.4377 23400
391 362.3535 362.7257 309.3115 329.4436 23460
392 362.3502 362.7242 309.3076 329.4496 23520
393 362.3468 362.7227 309.3037 329.4556 23580
394 362.3434 362.7213 309.2998 329.4617 23640
395 362.34 362.7198 309.2959 329.4677 23700
396 362.3365 362.7183 309.2921 329.4738 23760
397 362.3332 362.7169 309.2882 329.4799 23820
398 362.3298 362.7154 309.2843 329.4861 23880
399 362.3264 362.7139 309.2805 329.4923 23940
400 362.323 362.7125 309.2766 329.4985 24000
401 362.3196 362.711 309.2728 329.5047 24060
402 362.3162 362.7095 309.2689 329.5109 24120
403 362.3128 362.7081 309.2651 329.5172 24180
404 362.3094 362.7066 309.2613 329.5235 24240
405 362.306 362.7051 309.2574 329.5298 24300
406 362.3026 362.7037 309.2536 329.5361 24360
407 362.2992 362.7022 309.2498 329.5425 24420
408 362.2958 362.7007 309.246 329.5489 24480
409 362.2924 362.6992 309.2422 329.5553 24540
410 362.289 362.6978 309.2385 329.5617 24600
411 362.2856 362.6963 309.2347 329.5681 24660
412 362.2822 362.6949 309.2309 329.5746 24720
413 362.2788 362.6934 309.2272 329.5811 24780
414 362.2755 362.6919 309.2234 329.5876 24840
415 362.2721 362.6905 309.2197 329.5941 24900
416 362.2687 362.689 309.2159 329.6006 24960
417 362.2653 362.6875 309.2122 329.6072 25020
418 362.2619 362.686 309.2085 329.6138 25080
419 362.2585 362.6846 309.2048 329.6204 25140
420 362.2551 362.6831 309.201 329.627 25200
421 362.2517 362.6816 309.1973 329.6337 25260
422 362.2483 362.6801 309.1936 329.6404 25320
423 362.2449 362.6787 309.1899 329.647 25380
424 362.2415 362.6772 309.1862 329.6537 25440
425 362.2382 362.6758 309.1826 329.6604 25500
426 362.2348 362.6743 309.1789 329.6671 25560
427 362.2314 362.6728 309.1752 329.6739 25620
428 362.228 362.6713 309.1716 329.6806 25680
429 362.2246 362.6699 309.1679 329.6874 25740
430 362.2212 362.6684 309.1643 329.6942 25800
431 362.2178 362.6669 309.1606 329.701 25860
432 362.2144 362.6655 309.157 329.7079 25920
433 362.2111 362.664 309.1534 329.7147 25980
434 362.2077 362.6625 309.1497 329.7216 26040
435 362.2043 362.661 309.1461 329.7285 26100
436 362.2009 362.6596 309.1425 329.7354 26160
437 362.1975 362.6581 309.1389 329.7422 26220
438 362.1942 362.6566 309.1353 329.7492 26280
439 362.1908 362.6552 309.1317 329.7561 26340
440 362.1874 362.6537 309.1281 329.763 26400
441 362.184 362.6522 309.1245 329.77 26460
442 362.1806 362.6507 309.1209 329.777 26520
443 362.1772 362.6493 309.1174 329.784 26580
444 362.1739 362.6478 309.1138 329.791 26640
445 362.1705 362.6463 309.1102 329.798 26700
446 362.1671 362.6448 309.1067 329.805 26760
447 362.1637 362.6434 309.1031 329.8121 26820
448 362.1603 362.6419 309.0996 329.8191 26880
449 362.157 362.6404 309.0961 329.8262 26940
450 362.1536 362.6389 309.0925 329.8333 27000
451 362.1502 362.6375 309.089 329.8404 27060
452 362.1468 362.636 309.0855 329.8474 27120
453 362.1434 362.6345 309.082 329.8546 27180
454 362.14 362.633 309.0785 329.8617 27240
455 362.1367 362.6316 309.075 329.8688 27300
456 362.1333 362.6301 309.0714 329.876 27360
457 362.1299 362.6286 309.068 329.8831 27420
458 362.1265 362.6271 309.0645 329.8903 27480
459 362.1231 362.6257 309.061 329.8975 27540
460 362.1198 362.6242 309.0575 329.9047 27600
461 362.1164 362.6227 309.054 329.9119 27660
462 362.113 362.6212 309.0505 329.9191 27720
463 362.1096 362.6198 309.0471 329.9263 27780
464 362.1063 362.6183 309.0436 329.9335 27840
465 362.1029 362.6168 309.0402 329.9408 27900
466 362.0995 362.6153 309.0367 329.948 27960
467 362.0961 362.6139 309.0333 329.9553 28020
468 362.0928 362.6124 309.0298 329.9625 28080
469 362.0894 362.6109 309.0264 329.9698 28140
470 362.086 362.6094 309.023 329.9771 28200
471 362.0826 362.608 309.0196 329.9843 28260
472 362.0793 362.6065 309.0161 329.9916 28320
473 362.0759 362.605 309.0127 329.999 28380
474 362.0725 362.6035 309.0093 330.0063 28440
475 362.0692 362.6021 309.0059 330.0136 28500
476 362.0658 362.6006 309.0025 330.0209 28560
477 362.0624 362.5991 308.9991 330.0283 28620
478 362.0591 362.5976 308.9957 330.0356 28680
479 362.0557 362.5961 308.9923 330.0429 28740
480 362.0523 362.5947 308.989 330.0503 28800
481 362.0489 362.5932 308.9856 330.0577 28860
482 362.0456 362.5917 308.9822 330.065 28920
483 362.0422 362.5902 308.9789 330.0724 28980
484 362.0388 362.5887 308.9755 330.0798 29040
485 362.0355 362.5873 308.9721 330.0872 29100
486 362.0321 362.5858 308.9688 330.0946 29160
487 362.0287 362.5843 308.9654 330.102 29220
488 362.0254 362.5828 308.9621 330.1094 29280
489 362.022 362.5814 308.9587 330.1168 29340
490 362.0186 362.5799 308.9554 330.1242 29400
491 362.0153 362.5784 308.9521 330.1316 29460
492 362.0119 362.5769 308.9488 330.139 29520
493 362.0085 362.5754 308.9454 330.1465 29580
494 362.0052 362.574 308.9421 330.1539 29640
495 362.0018 362.5725 308.9388 330.1613 29700
496 361.9984 362.571 308.9355 330.1688 29760
497 361.9951 362.5695 308.9322 330.1762 29820
498 361.9917 362.5681 308.9289 330.1837 29880
499 361.9883 362.5666 308.9256 330.1911 29940
500 361.985 362.5651 308.9223 330.1986 30000
501 361.9816 362.5636 308.919 330.2061 30060
502 361.9782 362.5621 308.9157 330.2135 30120
503 361.9749 362.5607 308.9125 330.221 30180
504 361.9715 362.5592 308.9092 330.2285 30240
505 361.9682 362.5577 308.9059 330.2359 30300
506 361.9648 362.5562 308.9027 330.2434 30360
507 361.9614 362.5547 308.8994 330.2509 30420
508 361.9581 362.5533 308.8961 330.2584 30480
509 361.9547 362.5518 308.8929 330.2658 30540
510 361.9514 362.5503 308.8896 330.2733 30600
511 361.948 362.5488 308.8864 330.2808 30660
512 361.9446 362.5473 308.8832 330.2883 30720
513 361.9413 362.5458 308.8799 330.2958 30780
514 361.9379 362.5444 308.8767 330.3033 30840
515 361.9346 362.5429 308.8735 330.3108 30900
516 361.9312 362.5414 308.8703 330.3183 30960
517 361.9279 362.5399 308.867 330.3258 31020
518 361.9245 362.5384 308.8638 330.3333 31080
519 361.9211 362.537 308.8606 330.3408 31140
520 361.9178 362.5355 308.8574 330.3483 31200
521 361.9144 362.534 308.8542 330.3558 31260
522 361.9111 362.5325 308.851 330.3633 31320
523 361.9077 362.531 308.8478 330.3708 31380
524 361.9044 362.5295 308.8446 330.3783 31440
525 361.901 362.528 308.8414 330.3858 31500
526 361.8976 362.5266 308.8383 330.3933 31560
527 361.8943 362.5251 308.8351 330.4008 31620
528 361.8909 362.5236 308.8319 330.4084 31680
529 361.8876 362.5221 308.8287 330.4159 31740
530 361.8842 362.5206 308.8256 330.4234 31800
531 361.8809 362.5191 308.8224 330.4309 31860
532 361.8775 362.5177 308.8192 330.4384 31920
533 361.8742 362.5162 308.8161 330.4459 31980
534 361.8708 362.5147 308.8129 330.4534 32040
535 361.8675 362.5132 308.8098 330.4609 32100
536 361.8641 362.5117 308.8066 330.4684 32160
537 361.8607 362.5103 308.8035 330.476 32220
538 361.8574 362.5088 308.8003 330.4835 32280
539 361.8541 362.5073 308.7972 330.491 32340
540 361.8507 362.5058 308.7941 330.4985 32400
541 361.8474 362.5043 308.7909 330.506 32460
542 361.844 362.5028 308.7878 330.5135 32520
543 361.8407 362.5013 308.7847 330.521 32580
544 361.8373 362.4998 308.7816 330.5284 32640
545 361.834 362.4984 308.7785 330.5359 32700
546 361.8306 362.4969 308.7754 330.5434 32760
547 361.8273 362.4954 308.7722 330.5509 32820
548 361.8239 362.4939 308.7691 330.5584 32880
549 361.8206 362.4924 308.7661 330.5659 32940
550 361.8172 362.4909 308.7629 330.5734 33000
551 361.8139 362.4894 308.7599 330.5809 33060
552 361.8105 362.4879 308.7568 330.5884 33120
553 361.8072 362.4865 308.7537 330.5959 33180
554 361.8038 362.485 308.7506 330.6033 33240
555 361.8005 362.4835 308.7475 330.6108 33300
556 361.7971 362.482 308.7444 330.6183 33360
557 361.7938 362.4805 308.7414 330.6258 33420
558 361.7905 362.479 308.7383 330.6332 33480
559 361.7871 362.4775 308.7352 330.6407 33540
560 361.7838 362.476 308.7322 330.6482 33600
561 361.7804 362.4745 308.7291 330.6556 33660
562 361.7771 362.4731 308.726 330.6631 33720
563 361.7737 362.4716 308.723 330.6705 33780
564 361.7704 362.4701 308.7199 330.678 33840
565 361.7671 362.4686 308.7169 330.6854 33900
566 361.7637 362.4671 308.7139 330.6929 33960
567 361.7604 362.4656 308.7108 330.7003 34020
568 361.757 362.4641 308.7078 330.7078 34080
569 361.7537 362.4626 308.7047 330.7152 34140
570 361.7504 362.4611 308.7017 330.7226 34200
571 361.747 362.4596 308.6987 330.73 34260
572 361.7437 362.4581 308.6957 330.7375 34320
573 361.7404 362.4566 308.6927 330.7449 34380
574 361.737 362.4551 308.6896 330.7523 34440
575 361.7337 362.4536 308.6866 330.7597 34500
576 361.7303 362.4521 308.6836 330.7671 34560
577 361.727 362.4507 308.6806 330.7745 34620
578 361.7237 362.4492 308.6776 330.7819 34680
579 361.7203 362.4477 308.6746 330.7893 34740
580 361.717 362.4462 308.6716 330.7967 34800
581 361.7136 362.4447 308.6686 330.8041 34860
582 361.7103 362.4432 308.6656 330.8115 34920
583 361.707 362.4417 308.6626 330.8188 34980
584 361.7036 362.4402 308.6596 330.8262 35040
585 361.7003 362.4387 308.6567 330.8336 35100
586 361.697 362.4372 308.6537 330.8409 35160
587 361.6936 362.4357 308.6507 330.8483 35220
588 361.6903 362.4342 308.6477 330.8557 35280
589 361.687 362.4327 308.6447 330.863 35340
590 361.6836 362.4312 308.6418 330.8703 35400
591 361.6803 362.4297 308.6388 330.8777 35460
592 361.6769 362.4282 308.6359 330.885 35520
593 361.6736 362.4267 308.6329 330.8923 35580
594 361.6703 362.4252 308.6299 330.8996 35640
595 361.667 362.4237 308.627 330.9069 35700
596 361.6636 362.4222 308.6241 330.9142 35760
597 361.6603 362.4207 308.6211 330.9215 35820
598 361.657 362.4192 308.6182 330.9288 35880
599 361.6536 362.4177 308.6152 330.9361 35940
600 361.6503 362.4162 308.6123 330.9434 36000
601 361.647 362.4147 308.6093 330.9507 36060
602 361.6436 362.4132 308.6064 330.958 36120
603 361.6403 362.4117 308.6035 330.9652 36180
604 361.637 362.4102 308.6006 330.9725 36240
605 361.6337 362.4087 308.5976 330.9797 36300
606 361.6303 362.4072 308.5947 330.987 36360
607 361.627 362.4057 308.5918 330.9942 36420
608 361.6237 362.4042 308.5889 331.0015 36480
609 361.6203 362.4027 308.586 331.0087 36540
610 361.617 362.4012 308.5831 331.0159 36600
611 361.6137 362.3997 308.5801 331.0231 36660
612 361.6104 362.3982 308.5772 331.0303 36720
613 361.607 362.3967 308.5743 331.0375 36780
614 361.6037 362.3952 308.5714 331.0447 36840
615 361.6004 362.3937 308.5685 331.0519 36900
616 361.597 362.3922 308.5657 331.0591 36960
617 361.5937 362.3907 308.5628 331.0663 37020
618 361.5904 362.3892 308.5599 331.0735 37080
619 361.5871 362.3877 308.557 331.0806 37140
620 361.5838 362.3862 308.5541 331.0878 37200
621 361.5804 362.3846 308.5512 331.0949 37260
622 361.5771 362.3831 308.5484 331.1021 37320
623 361.5738 362.3816 308.5455 331.1092 37380
624 361.5705 362.3801 308.5426 331.1163 37440
625 361.5671 362.3786 308.5397 331.1234 37500
626 361.5638 362.3771 308.5369 331.1305 37560
627 361.5605 362.3756 308.534 331.1376 37620
628 361.5572 362.3741 308.5312 331.1447 37680
629 361.5539 362.3726 308.5283 331.1518 37740
630 361.5505 362.3711 308.5255 331.1589 37800
631 361.5472 362.3696 308.5226 331.166 37860
632 361.5439 362.3681 308.5197 331.1731 37920
633 361.5406 362.3666 308.5169 331.1801 37980
634 361.5373 362.3651 308.514 331.1872 38040
635 361.5339 362.3636 308.5112 331.1942 38100
636 361.5306 362.362 308.5084 331.2012 38160
637 361.5273 362.3605 308.5055 331.2083 38220
638 361.524 362.359 308.5027 331.2153 38280
639 361.5207 362.3575 308.4998 331.2223 38340
640 361.5173 362.356 308.497 331.2293 38400
641 361.514 362.3545 308.4942 331.2363 38460
642 361.5107 362.353 308.4914 331.2433 38520
643 361.5074 362.3514 308.4886 331.2502 38580
644 361.5041 362.3499 308.4857 331.2569 38640
645 361.5008 362.3484 308.4829 331.264 38700
646 361.4974 362.3469 308.4801 331.271 38760
647 361.4941 362.3454 308.4773 331.2789 38820
648 361.4908 362.3439 308.4745 331.2859 38880
649 361.4875 362.3424 308.4716 331.2929 38940
650 361.4842 362.3409 308.4688 331.2999 39000
651 361.4809 362.3394 308.4661 331.3068 39060
652 361.4775 362.3378 308.4633 331.3138 39120
653 361.4742 362.3363 308.4604 331.3201 39180
654 361.4709 362.3348 308.4577 331.3271 39240
655 361.4676 362.3333 308.4549 331.3341 39300
656 361.4643 362.3318 308.4521 331.3405 39360
657 361.461 362.3303 308.4493 331.3476 39420
658 361.4577 362.3287 308.4465 331.3546 39480
659 361.4543 362.3272 308.4437 331.3616 39540
660 361.451 362.3257 308.4409 331.3685 39600
661 361.4477 362.3242 308.4382 331.3753 39660
662 361.4444 362.3227 308.4354 331.3822 39720
663 361.4411 362.3212 308.4326 331.389 39780
664 361.4378 362.3196 308.4298 331.3958 39840
665 361.4345 362.3181 308.4271 331.4026 39900
666 361.4312 362.3166 308.4243 331.4094 39960
667 361.4279 362.3151 308.4215 331.4162 40020
668 361.4246 362.3136 308.4188 331.423 40080
669 361.4213 362.312 308.416 331.4297 40140
670 361.418 362.3105 308.4133 331.4365 40200
671 361.4146 362.309 308.4105 331.4432 40260
672 361.4113 362.3075 308.4077 331.4499 40320
673 361.408 362.306 308.405 331.4566 40380
674 361.4047 362.3044 308.4023 331.4633 40440
675 361.4014 362.3029 308.3995 331.47 40500
676 361.3981 362.3014 308.3968 331.4767 40560
677 361.3948 362.2999 308.394 331.4834 40620
678 361.3915 362.2983 308.3913 331.4901 40680
679 361.3882 362.2968 308.3885 331.4967 40740
680 361.3849 362.2953 308.3858 331.5034 40800
681 361.3816 362.2938 308.3831 331.51 40860
682 361.3783 362.2923 308.3803 331.5167 40920
683 361.375 362.2907 308.3776 331.45 40980
684 361.3717 362.2892 308.3749 331.4504 41040
685 361.3684 362.2877 308.3722 331.4521 41100
686 361.3651 362.2862 308.3694 331.455 41160
687 361.3618 362.2846 308.3667 331.2632 41220
688 361.3585 362.2831 308.364 331.2651 41280
689 361.3552 362.2816 308.3613 331.2676 41340
690 361.3519 362.2801 308.3586 331.2704 41400
691 361.3486 362.2785 308.3559 331.2737 41460
692 361.3452 362.277 308.3532 331.2769 41520
693 361.3419 362.2755 308.3505 331.2809 41580
694 361.3387 362.274 308.3478 331.2852 41640
695 361.3354 362.2724 308.3451 331.289 41700
696 361.3321 362.2709 308.3423 331.2937 41760
697 361.3288 362.2694 308.3397 331.2986 41820
698 361.3254 362.2678 308.337 331.3035 41880
699 361.3221 362.2663 308.3343 331.3086 41940
700 361.3188 362.2648 308.3316 331.3138 42000
701 361.3156 362.2632 308.3289 331.13 42060
702 361.3123 362.2617 308.3262 331.1325 42120
703 361.309 362.2602 308.3235 331.136 42180
704 361.3057 362.2586 308.3208 331.1396 42240
705 361.3024 362.2571 308.3181 330.966 42300
706 361.2991 362.2556 308.3155 330.9674 42360
707 361.2958 362.2541 308.3128 330.9696 42420
708 361.2925 362.2525 308.3101 330.9721 42480
709 361.2892 362.251 308.3075 330.9737 42540
710 361.2859 362.2495 308.3048 330.9768 42600
711 361.2826 362.2479 308.3021 330.9801 42660
712 361.2793 362.2464 308.2995 330.7988 42720
713 361.276 362.2448 308.2968 330.8004 42780
714 361.2727 362.2433 308.2941 330.6306 42840
715 361.2694 362.2418 308.2915 330.6306 42900
716 361.2661 362.2402 308.2888 330.6317 42960
717 361.2628 362.2387 308.2862 330.6332 43020
718 361.2595 362.2372 308.2835 330.635 43080
719 361.2562 362.2356 308.2809 330.6371 43140
720 361.2529 362.2341 308.2782 330.4724 43200
721 361.2496 362.2325 308.2755 330.319 43260
722 361.2463 362.231 308.2729 330.274 43320
723 361.243 362.2295 308.2703 330.2747 43380
724 361.2397 362.2279 308.2676 330.2758 43440
725 361.2365 362.2264 308.265 330.2274 43500
726 361.2332 362.2249 308.2623 330.225 43560
727 361.2299 362.2233 308.2597 330.2239 43620
728 361.2266 362.2218 308.2571 330.2237 43680
729 361.2233 362.2202 308.2544 330.2242 43740
730 361.22 362.2187 308.2518 330.2253 43800
731 361.2167 362.2171 308.2492 330.2269 43860
732 361.2134 362.2156 308.2466 330.2284 43920
733 361.2101 362.214 308.2439 330.2308 43980
734 361.2068 362.2125 308.2413 330.0753 44040
735 361.2036 362.2109 308.2387 329.9312 44100
736 361.2003 362.2094 308.2361 329.7963 44160
737 361.197 362.2078 308.2334 329.7952 44220
738 361.1937 362.2063 308.2308 329.7946 44280
739 361.1904 362.2047 308.2282 329.7946 44340
740 361.1871 362.2032 308.2256 329.6624 44400
741 361.1838 362.2016 308.223 329.579 44460
742 361.1805 362.2001 308.2204 329.5811 44520
743 361.1772 362.1985 308.2178 329.5828 44580
744 361.174 362.197 308.2152 329.5845 44640
745 361.1707 362.1954 308.2126 329.5858 44700
746 361.1674 362.1938 308.21 329.5878 44760
747 361.1641 362.1923 308.2074 329.5898 44820
748 361.1608 362.1907 308.2048 329.4582 44880
749 361.1575 362.1891 308.2022 329.4586 44940
750 361.1542 362.1876 308.1996 329.4598 45000
751 361.151 362.186 308.197 329.4178 45060
752 361.1477 362.1845 308.1944 329.2898 45120
753 361.1444 362.1829 308.1918 329.2876 45180
754 361.1411 362.1813 308.1892 329.2864 45240
755 361.1378 362.1797 308.1866 329.2859 45300
756 361.1346 362.1782 308.1841 329.286 45360
757 361.1313 362.1766 308.1815 329.2863 45420
758 361.128 362.175 308.1789 329.2865 45480
759 361.1247 362.1735 308.1763 329.2881 45540
760 361.1214 362.1719 308.1738 329.29 45600
761 361.1181 362.1703 308.1712 329.1589 45660
762 361.1148 362.1687 308.1686 329.1598 45720
763 361.1116 362.1672 308.166 329.1611 45780
764 361.1083 362.1656 308.1635 329.1618 45840
765 361.105 362.164 308.1609 329.1638 45900
766 361.1017 362.1624 308.1584 329.122 45960
767 361.0984 362.1608 308.1558 329.1207 46020
768 361.0952 362.1592 308.1532 329.0781 46080
769 361.0919 362.1577 308.1507 329.075 46140
770 361.0886 362.1561 308.1481 328.9449 46200
771 361.0853 362.1545 308.1456 328.9429 46260
772 361.082 362.1529 308.143 328.9424 46320
773 361.0788 362.1513 308.1405 328.8198 46380
774 361.0755 362.1497 308.1379 328.783 46440
775 361.0722 362.1481 308.1354 328.7835 46500
776 361.0689 362.1465 308.1328 328.6691 46560
777 361.0656 362.1449 308.1303 328.6363 46620
778 361.0624 362.1433 308.1277 328.6375 46680
779 361.0591 362.1417 308.1252 328.6382 46740
780 361.0558 362.1401 308.1227 328.6403 46800
781 361.0525 362.1385 308.1201 328.6425 46860
782 361.0493 362.1369 308.1176 328.5285 46920
783 361.046 362.1353 308.1151 328.5299 46980
784 361.0427 362.1336 308.1125 328.4942 47040
785 361.0394 362.132 308.11 328.493 47100
786 361.0362 362.1304 308.1075 328.3822 47160
787 361.0329 362.1288 308.1049 328.2785 47220
788 361.0296 362.1272 308.1024 328.2775 47280
789 361.0263 362.1256 308.0999 328.2772 47340
790 361.023 362.124 308.0974 328.1764 47400
791 361.0198 362.1223 308.0948 328.1754 47460
792 361.0165 362.1207 308.0923 328.1757 47520
793 361.0132 362.1191 308.0898 328.1429 47580
794 361.0099 362.1175 308.0872 328.1404 47640
795 361.0067 362.1158 308.0847 328.1398 47700
796 361.0034 362.1142 308.0822 328.07 47760
797 361.0002 362.1126 308.0797 328.0727 47820
798 360.9969 362.111 308.0772 327.9738 47880
799 360.9936 362.1093 308.0747 327.8803 47940
800 360.9903 362.1077 308.0722 327.8808 48000
801 360.9871 362.106 308.0697 327.7905 48060
802 360.9838 362.1044 308.0672 327.7908 48120
803 360.9805 362.1028 308.0647 327.7915 48180
804 360.9772 362.1011 308.0622 327.7927 48240
805 360.974 362.0995 308.0597 327.7002 48300
806 360.9707 362.0978 308.0572 327.7003 48360
807 360.9674 362.0962 308.0547 327.7016 48420
808 360.9642 362.0946 308.0522 327.6108 48480
809 360.9609 362.0929 308.0497 327.6111 48540
810 360.9576 362.0913 308.0472 327.6118 48600
811 360.9543 362.0896 308.0447 327.6135 48660
812 360.9511 362.088 308.0422 327.6156 48720
813 360.9478 362.0863 308.0397 327.6177 48780
814 360.9445 362.0847 308.0373 327.6204 48840
815 360.9413 362.083 308.0348 327.6234 48900
816 360.938 362.0813 308.0323 327.5245 48960
817 360.9348 362.0797 308.0298 327.5261 49020
818 360.9315 362.078 308.0273 327.5288 49080
819 360.9282 362.0764 308.0248 327.5314 49140
820 360.925 362.0747 308.0224 327.5347 49200
821 360.9217 362.073 308.0199 327.5038 49260
822 360.9184 362.0714 308.0174 327.5038 49320
823 360.9152 362.0697 308.015 327.5055 49380
824 360.9119 362.068 308.0125 327.4736 49440
825 360.9086 362.0663 308.01 327.4732 49500
826 360.9054 362.0647 308.0076 327.3705 49560
827 360.9021 362.063 308.0051 327.3406 49620
828 360.8988 362.0613 308.0026 327.3427 49680
829 360.8956 362.0597 308.0002 327.2484 49740
830 360.8923 362.058 307.9977 327.2498 49800
831 360.889 362.0563 307.9952 327.2524 49860
832 360.8858 362.0546 307.9928 327.161 49920
833 360.8825 362.0529 307.9903 327.075 49980
834 360.8792 362.0513 307.9879 327.0767 50040
835 360.876 362.0496 307.9854 327.0789 50100
836 360.8727 362.0479 307.983 326.9939 50160
837 360.8694 362.0462 307.9805 326.9411 50220
838 360.8662 362.0445 307.9781 326.9449 50280
839 360.8629 362.0428 307.9756 326.9486 50340
840 360.8597 362.0411 307.9732 326.868 50400
841 360.8564 362.0395 307.9707 326.8706 50460
842 360.8531 362.0378 307.9683 326.8737 50520
843 360.8499 362.036 307.9659 326.7928 50580
844 360.8466 362.0344 307.9634 326.7954 50640
845 360.8434 362.0327 307.961 326.7984 50700
846 360.8401 362.031 307.9585 326.7179 50760
847 360.8369 362.0293 307.9561 326.7204 50820
848 360.8336 362.0276 307.9537 326.6427 50880
849 360.8303 362.0259 307.9512 326.6451 50940
850 360.8271 362.0242 307.9488 326.6479 51000
851 360.8238 362.0225 307.9464 326.5705 51060
852 360.8206 362.0208 307.9439 326.5227 51120
853 360.8173 362.019 307.9415 326.5271 51180
854 360.814 362.0173 307.9391 326.5314 51240
855 360.8108 362.0156 307.9367 326.5354 51300
856 360.8075 362.0139 307.9342 326.459 51360
857 360.8043 362.0122 307.9318 326.4626 51420
858 360.801 362.0105 307.9294 326.3888 51480
859 360.7977 362.0088 307.927 326.3914 51540
860 360.7945 362.0071 307.9246 326.3365 51600
861 360.7912 362.0054 307.9221 326.3391 51660
862 360.788 362.0037 307.9197 326.2673 51720
863 360.7847 362.002 307.9173 326.27 51780
864 360.7814 362.0002 307.9149 326.2731 51840
865 360.7782 361.9985 307.9125 326.2514 51900
866 360.7749 361.9968 307.9101 326.2019 51960
867 360.7717 361.9951 307.9077 326.2057 52020
868 360.7684 361.9933 307.9053 326.2098 52080
869 360.7652 361.9916 307.9029 326.1373 52140
870 360.7619 361.9899 307.9005 326.141 52200
871 360.7587 361.9882 307.8981 326.145 52260
872 360.7554 361.9865 307.8957 326.1493 52320
873 360.7521 361.9847 307.8932 326.075 52380
874 360.7489 361.983 307.8909 326.0298 52440
875 360.7456 361.9813 307.8885 326.0355 52500
876 360.7424 361.9795 307.8861 326.041 52560
877 360.7391 361.9778 307.8837 325.9704 52620
878 360.7359 361.9761 307.8813 325.9751 52680
879 360.7326 361.9743 307.8789 325.9799 52740
880 360.7294 361.9726 307.8765 325.9594 52800
881 360.7261 361.9709 307.8741 325.9624 52860
882 360.7229 361.9691 307.8717 325.9409 52920
883 360.7196 361.9674 307.8693 325.8665 52980
884 360.7164 361.9657 307.8669 325.7975 53040
885 360.7131 361.9639 307.8646 325.8 53100
886 360.7099 361.9622 307.8622 325.8033 53160
887 360.7066 361.9604 307.8598 325.7354 53220
888 360.7034 361.9587 307.8574 325.6937 53280
889 360.7001 361.957 307.855 325.6763 53340
890 360.6969 361.9552 307.8527 325.6352 53400
891 360.6936 361.9535 307.8503 325.6403 53460
892 360.6904 361.9517 307.8479 325.5787 53520
893 360.6871 361.95 307.8455 325.5828 53580
894 360.6839 361.9482 307.8432 325.5876 53640
895 360.6806 361.9465 307.8408 325.5927 53700
896 360.6774 361.9447 307.8384 325.5978 53760
897 360.6741 361.943 307.8361 325.5316 53820
898 360.6709 361.9413 307.8337 325.5361 53880
899 360.6676 361.9395 307.8313 325.5415 53940
900 360.6644 361.9377 307.8289 325.4756 54000
901 352.5238 338.5711 307.5078 319.3764 54060
902 344.6476 327.7889 307.0298 319.4068 54120
903 336.9409 318.6956 306.4435 318.845 54180
904 329.4787 310.2397 305.7718 317.6194 54240
905 322.3759 302.4078 305.0268 315.6869 54300
906 315.7476 295.4737 304.2161 313.1159 54360
907 309.6905 289.7183 303.3453 310.0579 54420
908 304.2669 285.3201 302.4186 306.7018 54480
909 299.4973 282.2651 301.4395 303.23 54540
910 295.3658 280.3614 300.4107 299.8077 54600
911 291.8372 279.2927 299.3351 296.5629 54660
912 288.8659 278.7401 298.2169 293.578 54720
913 286.4009 278.4694 297.0623 290.89 54780
914 284.3899 278.3391 295.8796 288.5084 54840
915 282.7796 278.2737 294.6794 286.4299 54900
916 281.5167 278.2371 293.474 284.6459 54960
917 280.5482 278.2134 292.2761 283.144 55020
918 279.8227 278.1965 291.0984 281.9074 55080
919 279.2926 278.1838 289.9522 280.9138 55140
920 278.9147 278.1741 288.8467 280.136 55200
921 278.6523 278.1668 287.7886 279.5435 55260
922 278.4745 278.1615 286.7824 279.1048 55320
923 278.3572 278.1577 285.83 278.7892 55380
924 278.2815 278.155 284.9315 278.5688 55440
925 278.2338 278.1531 284.0857 278.4194 55500
926 278.2043 278.152 283.2903 278.3211 55560
927 278.1863 278.1512 282.5426 278.258 55620
928 278.1753 278.1508 281.8397 278.2186 55680
929 278.1686 278.1505 281.1785 278.1944 55740
930 278.1645 278.1504 280.5564 278.1797 55800
931 278.1618 278.1502 279.9707 278.1709 55860
932 278.16 278.1502 279.419 278.1655 55920
933 278.1586 278.1501 278.8992 278.1621 55980
934 278.1576 278.1501 278.4093 278.16 56040
935 278.1567 278.1501 277.9474 278.1585 56100
936 278.156 278.1501 277.5119 278.1574 56160
937 278.1553 278.15 277.1011 278.1566 56220
938 278.1548 278.15 276.7137 278.1559 56280
939 278.1542 278.15 276.3483 278.1552 56340
940 278.1537 278.1501 276.0037 278.1547 56400
941 278.1533 278.1501 275.6786 278.1543 56460
942 278.1528 278.1501 275.3719 278.1537 56520
943 278.1524 278.1501 275.0826 278.1534 56580
944 278.1521 278.1501 274.8096 278.153 56640
945 278.1517 278.1501 274.5522 278.1527 56700
946 278.1514 278.1501 274.3093 278.1523 56760
947 278.1511 278.15 274.0802 278.152 56820
948 278.1508 278.15 273.8641 278.1518 56880
949 278.1505 278.15 273.6602 278.1515 56940
950 278.1503 278.15 273.4679 278.1513 57000
951 278.15 278.15 273.2864 278.151 57060
952 278.1498 278.15 273.1153 278.1508 57120
953 278.1496 278.15 272.9539 278.1506 57180
954 278.1494 278.1499 272.8015 278.1504 57240
955 278.1492 278.1499 272.6579 278.1502 57300
956 278.149 278.1499 272.5223 278.15 57360
957 278.1489 278.1499 272.3945 278.1499 57420
958 278.1487 278.1499 272.2739 278.1498 57480
959 278.1486 278.1499 272.1601 278.1496 57540
960 278.1484 278.1499 272.0528 278.1495 57600
961 278.1483 278.1499 271.9515 278.1494 57660
962 278.1482 278.1499 271.856 278.1492 57720
963 278.1481 278.1499 271.7659 278.1491 57780
964 278.1479 278.1499 271.6809 278.149 57840
965 278.1479 278.1499 271.6008 278.1489 57900
966 278.1477 278.1499 271.5251 278.1488 57960
967 278.1476 278.1499 271.4538 278.1487 58020
968 278.1476 278.1499 271.3865 278.1487 58080
969 278.1475 278.1499 271.323 278.1486 58140
970 278.1474 278.1499 271.2632 278.1485 58200
971 278.1473 278.1499 271.2066 278.1485 58260
972 278.1472 278.1499 271.1534 278.1483 58320
973 278.1472 278.1499 271.1031 278.1483 58380
974 278.1471 278.1499 271.0557 278.1482 58440
975 278.1471 278.1499 271.0109 278.1482 58500
976 278.147 278.1499 270.9687 278.1481 58560
977 278.1469 278.1499 270.9289 278.1481 58620
978 278.1469 278.1499 270.8914 278.1481 58680
979 278.1469 278.1499 270.856 278.148 58740
980 278.1468 278.1499 270.8225 278.148 58800
981 278.1468 278.1499 270.791 278.1479 58860
982 278.1467 278.1499 270.7613 278.1479 58920
983 278.1467 278.1499 270.7332 278.1478 58980
984 278.1467 278.1499 270.7068 278.1478 59040
985 278.1466 278.1499 270.6818 278.1478 59100
986 278.1466 278.1499 270.6582 278.1478 59160
987 278.1466 278.1499 270.636 278.1477 59220
988 278.1465 278.1499 270.6151 278.1477 59280
989 278.1465 278.1499 270.5953 278.1477 59340
990 278.1465 278.1499 270.5767 278.1476 59400
991 278.1465 278.1499 270.5591 278.1476 59460
992 278.1465 278.1499 270.5425 278.1476 59520
993 278.1465 278.1499 270.5268 278.1476 59580
994 278.1464 278.1499 270.5121 278.1476 59640
995 278.1464 278.1499 270.4981 278.1476 59700
996 278.1464 278.1499 270.485 278.1476 59760
997 278.1464 278.1498 270.4726 278.1475 59820
998 278.1464 278.1498 270.4609 278.1475 59880
999 278.1464 278.1498 270.4499 278.1475 59940
1000 278.1463 278.1499 270.4395 278.1475 60000
1001 278.1463 278.1499 270.4297 278.1475 60060
1002 278.1463 278.1499 270.4204 278.1475 60120
1003 278.1463 278.1499 270.4117 278.1475 60180
1004 278.1463 278.1499 270.4034 278.1475 60240
1005 278.1463 278.1499 270.3957 278.1475 60300
1006 278.1463 278.1499 270.3883 278.1475 60360
1007 278.1463 278.1499 270.3814 278.1474 60420
1008 278.1462 278.1499 270.3749 278.1474 60480
1009 278.1462 278.1499 270.3687 278.1474 60540
1010 278.1462 278.1499 270.3629 278.1474 60600
1011 278.1462 278.1499 270.3575 278.1474 60660
1012 278.1462 278.1499 270.3523 278.1474 60720
1013 278.1462 278.1499 270.3474 278.1474 60780
1014 278.1462 278.1499 270.3428 278.1474 60840
1015 278.1462 278.1499 270.3385 278.1474 60900
1016 278.1462 278.1499 270.3344 278.1473 60960
1017 278.1462 278.1499 270.3305 278.1474 61020
1018 278.1462 278.1499 270.3269 278.1474 61080
1019 278.1462 278.1499 270.3235 278.1474 61140
1020 278.1462 278.1499 270.3203 278.1473 61200
